🚀 啟動資產分析任務...
正在分析資產狀況與黃金價格...
✅ 主要報表已更新：docs/portfolio.html
✅ 歷史備份已存檔：Daily_Report/portfolio_2026-04-17.html
✅ Telegram 股票日報發送成功！
🚀 啟動資產檢查任務 (Telegram 版)...
✅ Telegram 訊息發送成功！
🚀 啟動資產分析任務...
正在分析資產狀況與黃金價格...
✅ 主要報表已更新：docs/portfolio.html
✅ 歷史備份已存檔：Daily_Report/portfolio_2026-04-17.html
✅ Telegram 股票日報發送成功！
🚀 啟動資產檢查任務 (Telegram 版)...
✅ Telegram 訊息發送成功！
🚀 啟動資產分析任務...
正在分析資產狀況與黃金價格...
✅ 主要報表已更新：docs/portfolio.html
✅ 歷史備份已存檔：Daily_Report/portfolio_2026-04-17.html
✅ Telegram 股票日報發送成功！
🚀 啟動資產檢查任務 (Telegram 版)...
✅ Telegram 訊息發送成功！
